<?xml version="1.0" encoding="UTF-8"?>
<testsuites tests="3" failures="0" disabled="0" errors="0" time="0" timestamp="2020-07-31T12:18:32" name="AllTests">
  <testsuite name="foo" tests="1" failures="0" disabled="0" skipped="0" errors="0" time="0" timestamp="2020-07-31T12:18:32">
    <testcase name="basic" status="run" result="completed" time="0" timestamp="2020-07-31T12:18:32" classname="foo" />
  </testsuite>
  <testsuite name="bar" tests="2" failures="0" disabled="0" skipped="0" errors="0" time="0" timestamp="2020-07-31T12:18:32">
    <testcase name="a_char" status="run" result="completed" time="0" timestamp="2020-07-31T12:18:32" classname="bar" />
    <testcase name="8_char" status="run" result="completed" time="0" timestamp="2020-07-31T12:18:32" classname="bar" />
  </testsuite>
</testsuites>
